<?xml version="1.0" encoding="UTF-8"?>
<!-- Generated by org.testng.reporters.JUnitXMLReporter -->
<testsuite hostname="Hazem" ignored="0" name="Default test" tests="14" failures="0" timestamp="28 مار 2019 07:44:54 GMT" time="81.191" errors="0">
  <testcase name="testSignIn" time="5.636" classname="test.TestExecution"/>
  <testcase name="testLoginUser" time="3.22" classname="test.TestExecution"/>
  <testcase name="testLoginPassword" time="7.925" classname="test.TestExecution"/>
  <testcase name="search" time="5.643" classname="test.TestExecution"/>
  <testcase name="clickOnTheSearchResultLink" time="3.896" classname="test.TestExecution"/>
  <testcase name="addOpenWishlist" time="0.059" classname="test.TestExecution"/>
  <testcase name="clickonWishListLink" time="0.042" classname="test.TestExecution"/>
  <testcase name="clickoninstallButton" time="0.039" classname="test.TestExecution"/>
  <testcase name="clickonPopupinstallButton" time="0.045" classname="test.TestExecution"/>
  <testcase name="clickOkButton" time="20.601" classname="test.TestExecution"/>
  <testcase name="clickWriteaReview" time="4.316" classname="test.TestExecution"/>
  <testcase name="writeaReviewText" time="4.045" classname="test.TestExecution"/>
  <testcase name="deleteWritenReview" time="3.108" classname="test.TestExecution"/>
  <testcase name="logOut" time="8.376" classname="test.TestExecution"/>
</testsuite> <!-- Default test -->
